<?xml version="1.0" encoding="UTF-8"?>
<!-- Generated by org.testng.reporters.JUnitXMLReporter -->
<testsuite ignored="0" hostname="DESKTOP-LV5QG8U" failures="0" tests="7" name="Admin and OP Module Tests" time="110.475" errors="0" timestamp="2025-01-09T15:21:11 IST">
  <testcase classname="testCases.ADMIN.MASTERS.AddOrganizationTest" name="verifyAddOrganization" time="12.717"/>
  <testcase classname="testCases.ADMIN.MASTERS.AddLocationTest" name="verifyAddLocation" time="2.379"/>
  <testcase classname="testCases.ADMIN.MASTERS.AddDepartmentsTest" name="verifyAddDepartment" time="2.389"/>
  <testcase classname="testCases.ADMIN.MASTERS.AddFloorsTest" name="verifyAddFloors" time="1.913"/>
  <testcase classname="testCases.ADMIN.MASTERS.AddWardsTest" name="verifyAddWards" time="3.052"/>
  <testcase classname="testCases.UHID_CreationTest" name="verify_UHID_Registeration" time="17.538"/>
  <testcase classname="testCases.Patient_RegisterationTest" name="verify_PaitentRegisteration" time="36.359"/>
</testsuite> <!-- Admin and OP Module Tests -->
