<?xml version="1.0" encoding="UTF-8"?>
<!-- Generated by org.testng.reporters.JUnitXMLReporter -->
<testsuite ignored="0" hostname="DESKTOP-LV5QG8U" failures="1" tests="1" name="firefoxTest" time="74.65" errors="0" timestamp="2024-11-26T13:34:29 IST">
  <testcase classname="testCases.UHID_CreationTest" name="verify_UHID_Registeration" time="24.668">
    <failure type="org.openqa.selenium.ElementClickInterceptedException" message="Element &amp;lt;div id=&amp;quot;mui-component-select-patientAddressCurrentStateRegion&amp;quot; class=&amp;quot;MuiSelect-select MuiSelect-outlined MuiInputBase-input MuiOutlinedInput-input css-11u53oe-MuiSelect-select-MuiInputBase-input-MuiOutlinedInput-input&amp;quot;&amp;gt; is not clickable at point (1222,432) because another element &amp;lt;div id=&amp;quot;menu-patientAddressCurrentCountry&amp;quot; class=&amp;quot;MuiPopover-root MuiMenu-root MuiModal-root css-10nakn3-MuiModal-root-MuiPopover-root-MuiMenu-root&amp;quot;&amp;gt; obscures it
Build info: version: &amp;apos;4.26.0&amp;apos;, revision: &amp;apos;8ccf0219d7&amp;apos;
System info: os.name: &amp;apos;Windows 11&amp;apos;, os.arch: &amp;apos;amd64&amp;apos;, os.version: &amp;apos;10.0&amp;apos;, java.version: &amp;apos;21.0.4&amp;apos;
Driver info: org.openqa.selenium.firefox.FirefoxDriver
Command: [89ed495f-0135-474d-9633-069c4556b734, clickElement {id=fd5723fd-85f3-4637-9c2a-8c2e2f666d05}]
Capabilities {acceptInsecureCerts: true, browserName: firefox, browserVersion: 132.0.2, moz:accessibilityChecks: false, moz:buildID: 20241110231641, moz:debuggerAddress: 127.0.0.1:3157, moz:geckodriverVersion: 0.35.0, moz:headless: false, moz:platformVersion: 10.0, moz:processID: 20472, moz:profile: C:\Users\SHANMU~1\AppData\L..., moz:shutdownTimeout: 60000, moz:webdriverClick: true, moz:windowless: false, pageLoadStrategy: normal, platformName: windows, proxy: Proxy(), se:cdp: ws://127.0.0.1:3157/devtool..., se:cdpVersion: 85.0, setWindowRect: true, strictFileInteractability: false, timeouts: {implicit: 0, pageLoad: 300000, script: 30000}, unhandledPromptBehavior: dismiss and notify, userAgent: Mozilla/5.0 (Windows NT 10....}
Element: [[FirefoxDriver: firefox on windows (89ed495f-0135-474d-9633-069c4556b734)] -&amp;gt; xpath: //*[@id=&amp;apos;mui-component-select-patientAddressCurrentStateRegion&amp;apos;]]
Session ID: 89ed495f-0135-474d-9633-069c4556b734">
      <![CDATA[org.openqa.selenium.ElementClickInterceptedException: Element <div id="mui-component-select-patientAddressCurrentStateRegion" class="MuiSelect-select MuiSelect-outlined MuiInputBase-input MuiOutlinedInput-input css-11u53oe-MuiSelect-select-MuiInputBase-input-MuiOutlinedInput-input"> is not clickable at point (1222,432) because another element <div id="menu-patientAddressCurrentCountry" class="MuiPopover-root MuiMenu-root MuiModal-root css-10nakn3-MuiModal-root-MuiPopover-root-MuiMenu-root"> obscures it
Build info: version: '4.26.0', revision: '8ccf0219d7'
System info: os.name: 'Windows 11', os.arch: 'amd64', os.version: '10.0', java.version: '21.0.4'
Driver info: org.openqa.selenium.firefox.FirefoxDriver
Command: [89ed495f-0135-474d-9633-069c4556b734, clickElement {id=fd5723fd-85f3-4637-9c2a-8c2e2f666d05}]
Capabilities {acceptInsecureCerts: true, browserName: firefox, browserVersion: 132.0.2, moz:accessibilityChecks: false, moz:buildID: 20241110231641, moz:debuggerAddress: 127.0.0.1:3157, moz:geckodriverVersion: 0.35.0, moz:headless: false, moz:platformVersion: 10.0, moz:processID: 20472, moz:profile: C:\Users\SHANMU~1\AppData\L..., moz:shutdownTimeout: 60000, moz:webdriverClick: true, moz:windowless: false, pageLoadStrategy: normal, platformName: windows, proxy: Proxy(), se:cdp: ws://127.0.0.1:3157/devtool..., se:cdpVersion: 85.0, setWindowRect: true, strictFileInteractability: false, timeouts: {implicit: 0, pageLoad: 300000, script: 30000}, unhandledPromptBehavior: dismiss and notify, userAgent: Mozilla/5.0 (Windows NT 10....}
Element: [[FirefoxDriver: firefox on windows (89ed495f-0135-474d-9633-069c4556b734)] -> xpath: //*[@id='mui-component-select-patientAddressCurrentStateRegion']]
Session ID: 89ed495f-0135-474d-9633-069c4556b734
at org.openqa.selenium.remote.ErrorCodec.decode(ErrorCodec.java:167)
at org.openqa.selenium.remote.codec.w3c.W3CHttpResponseCodec.decode(W3CHttpResponseCodec.java:138)
at org.openqa.selenium.remote.codec.w3c.W3CHttpResponseCodec.decode(W3CHttpResponseCodec.java:50)
at org.openqa.selenium.remote.HttpCommandExecutor.execute(HttpCommandExecutor.java:190)
at org.openqa.selenium.remote.service.DriverCommandExecutor.invokeExecute(DriverCommandExecutor.java:216)
at org.openqa.selenium.remote.service.DriverCommandExecutor.execute(DriverCommandExecutor.java:174)
at org.openqa.selenium.remote.RemoteWebDriver.execute(RemoteWebDriver.java:545)
at org.openqa.selenium.remote.RemoteWebElement.execute(RemoteWebElement.java:223)
at org.openqa.selenium.remote.RemoteWebElement.click(RemoteWebElement.java:76)
at org.openqa.selenium.support.pagefactory.internal.LocatingElementHandler.invoke(LocatingElementHandler.java:51)
at jdk.proxy2/jdk.proxy2.$Proxy29.click(Unknown Source)
at pageObjects.opModule.TC_001_UHID_Creation.setcountryRegion(TC_001_UHID_Creation.java:192)
at testCases.UHID_CreationTest.verify_UHID_Registeration(UHID_CreationTest.java:36)
at java.base/java.util.ArrayList.forEach(ArrayList.java:1596)
at java.base/java.util.concurrent.FutureTask.run(FutureTask.java:317)
at java.base/java.util.concurrent.ThreadPoolExecutor.runWorker(ThreadPoolExecutor.java:1144)
at java.base/java.util.concurrent.ThreadPoolExecutor$Worker.run(ThreadPoolExecutor.java:642)
at java.base/java.lang.Thread.run(Thread.java:1583)
... Removed 20 stack frames]]>
    </failure>
  </testcase> <!-- verify_UHID_Registeration -->
</testsuite> <!-- firefoxTest -->
