<?xml version="1.0" encoding="UTF-8"?>
<testng-results ignored="0" total="6" passed="6" failed="0" skipped="0">
  <reporter-output>
  </reporter-output>
  <suite started-at="2025-01-07T16:17:31 IST" name="Master Suite" finished-at="2025-01-07T16:19:03 IST" duration-ms="92341">
    <groups>
      <group name="Sanity">
        <method signature="AddDepartmentsTest.verifyAddDepartment()[pri:0, instance:testCases.ADMIN.MASTERS.AddDepartmentsTest@176b3f44]" name="verifyAddDepartment" class="testCases.ADMIN.MASTERS.AddDepartmentsTest"/>
        <method signature="AddFloorsTest.verifyAddFloors()[pri:0, instance:testCases.ADMIN.MASTERS.AddFloorsTest@6ee6f53]" name="verifyAddFloors" class="testCases.ADMIN.MASTERS.AddFloorsTest"/>
        <method signature="AddLocationTest.verifyAddLocation()[pri:0, instance:testCases.ADMIN.MASTERS.AddLocationTest@6dee4f1b]" name="verifyAddLocation" class="testCases.ADMIN.MASTERS.AddLocationTest"/>
        <method signature="AddOrganizationTest.verifyAddOrganization()[pri:0, instance:testCases.ADMIN.MASTERS.AddOrganizationTest@4748a0f9]" name="verifyAddOrganization" class="testCases.ADMIN.MASTERS.AddOrganizationTest"/>
        <method signature="Patient_RegisterationTest.verify_PaitentRegisteration()[pri:0, instance:testCases.Patient_RegisterationTest@5d12a356]" name="verify_PaitentRegisteration" class="testCases.Patient_RegisterationTest"/>
        <method signature="UHID_CreationTest.verify_UHID_Registeration()[pri:0, instance:testCases.UHID_CreationTest@421bba99]" name="verify_UHID_Registeration" class="testCases.UHID_CreationTest"/>
      </group> <!-- Sanity -->
      <group name="ADMIN Module">
        <method signature="AddDepartmentsTest.verifyAddDepartment()[pri:0, instance:testCases.ADMIN.MASTERS.AddDepartmentsTest@176b3f44]" name="verifyAddDepartment" class="testCases.ADMIN.MASTERS.AddDepartmentsTest"/>
        <method signature="AddFloorsTest.verifyAddFloors()[pri:0, instance:testCases.ADMIN.MASTERS.AddFloorsTest@6ee6f53]" name="verifyAddFloors" class="testCases.ADMIN.MASTERS.AddFloorsTest"/>
        <method signature="AddLocationTest.verifyAddLocation()[pri:0, instance:testCases.ADMIN.MASTERS.AddLocationTest@6dee4f1b]" name="verifyAddLocation" class="testCases.ADMIN.MASTERS.AddLocationTest"/>
        <method signature="AddOrganizationTest.verifyAddOrganization()[pri:0, instance:testCases.ADMIN.MASTERS.AddOrganizationTest@4748a0f9]" name="verifyAddOrganization" class="testCases.ADMIN.MASTERS.AddOrganizationTest"/>
      </group> <!-- ADMIN Module -->
      <group name="OP Module">
        <method signature="Patient_RegisterationTest.verify_PaitentRegisteration()[pri:0, instance:testCases.Patient_RegisterationTest@5d12a356]" name="verify_PaitentRegisteration" class="testCases.Patient_RegisterationTest"/>
        <method signature="UHID_CreationTest.verify_UHID_Registeration()[pri:0, instance:testCases.UHID_CreationTest@421bba99]" name="verify_UHID_Registeration" class="testCases.UHID_CreationTest"/>
      </group> <!-- OP Module -->
    </groups>
    <test started-at="2025-01-07T16:17:31 IST" name="Admin and OP Module Tests" finished-at="2025-01-07T16:19:03 IST" duration-ms="92341">
      <class name="testCases.ADMIN.MASTERS.AddFloorsTest">
        <test-method is-config="true" signature="setup(java.lang.String,java.lang.String)[pri:0, instance:testCases.ADMIN.MASTERS.AddFloorsTest@6ee6f53]" started-at="2025-01-07T16:17:58 IST" name="setup" finished-at="2025-01-07T16:18:02 IST" duration-ms="4019" status="PASS">
          <params>
            <param index="0">
              <value>
                <![CDATA[Windows]]>
              </value>
            </param>
            <param index="1">
              <value>
                <![CDATA[chrome]]>
              </value>
            </param>
          </params>
          <reporter-output>
          </reporter-output>
        </test-method> <!-- setup -->
        <test-method signature="verifyAddFloors()[pri:0, instance:testCases.ADMIN.MASTERS.AddFloorsTest@6ee6f53]" started-at="2025-01-07T16:18:02 IST" name="verifyAddFloors" finished-at="2025-01-07T16:18:04 IST" duration-ms="1863" status="PASS">
          <reporter-output>
          </reporter-output>
        </test-method> <!-- verifyAddFloors -->
        <test-method is-config="true" signature="teardown()[pri:0, instance:testCases.ADMIN.MASTERS.AddFloorsTest@6ee6f53]" started-at="2025-01-07T16:18:04 IST" name="teardown" finished-at="2025-01-07T16:18:04 IST" duration-ms="190" status="PASS">
          <reporter-output>
          </reporter-output>
        </test-method> <!-- teardown -->
      </class> <!-- testCases.ADMIN.MASTERS.AddFloorsTest -->
      <class name="testCases.UHID_CreationTest">
        <test-method is-config="true" signature="setup(java.lang.String,java.lang.String)[pri:0, instance:testCases.UHID_CreationTest@421bba99]" started-at="2025-01-07T16:18:04 IST" name="setup" finished-at="2025-01-07T16:18:07 IST" duration-ms="3421" status="PASS">
          <params>
            <param index="0">
              <value>
                <![CDATA[Windows]]>
              </value>
            </param>
            <param index="1">
              <value>
                <![CDATA[chrome]]>
              </value>
            </param>
          </params>
          <reporter-output>
          </reporter-output>
        </test-method> <!-- setup -->
        <test-method signature="verify_UHID_Registeration()[pri:0, instance:testCases.UHID_CreationTest@421bba99]" started-at="2025-01-07T16:18:07 IST" name="verify_UHID_Registeration" finished-at="2025-01-07T16:18:26 IST" duration-ms="18540" status="PASS">
          <reporter-output>
          </reporter-output>
        </test-method> <!-- verify_UHID_Registeration -->
        <test-method is-config="true" signature="teardown()[pri:0, instance:testCases.UHID_CreationTest@421bba99]" started-at="2025-01-07T16:18:26 IST" name="teardown" finished-at="2025-01-07T16:18:26 IST" duration-ms="277" status="PASS">
          <reporter-output>
          </reporter-output>
        </test-method> <!-- teardown -->
      </class> <!-- testCases.UHID_CreationTest -->
      <class name="testCases.ADMIN.MASTERS.AddDepartmentsTest">
        <test-method is-config="true" signature="setup(java.lang.String,java.lang.String)[pri:0, instance:testCases.ADMIN.MASTERS.AddDepartmentsTest@176b3f44]" started-at="2025-01-07T16:17:52 IST" name="setup" finished-at="2025-01-07T16:17:55 IST" duration-ms="3533" status="PASS">
          <params>
            <param index="0">
              <value>
                <![CDATA[Windows]]>
              </value>
            </param>
            <param index="1">
              <value>
                <![CDATA[chrome]]>
              </value>
            </param>
          </params>
          <reporter-output>
          </reporter-output>
        </test-method> <!-- setup -->
        <test-method signature="verifyAddDepartment()[pri:0, instance:testCases.ADMIN.MASTERS.AddDepartmentsTest@176b3f44]" started-at="2025-01-07T16:17:55 IST" name="verifyAddDepartment" finished-at="2025-01-07T16:17:58 IST" duration-ms="2436" status="PASS">
          <reporter-output>
          </reporter-output>
        </test-method> <!-- verifyAddDepartment -->
        <test-method is-config="true" signature="teardown()[pri:0, instance:testCases.ADMIN.MASTERS.AddDepartmentsTest@176b3f44]" started-at="2025-01-07T16:17:58 IST" name="teardown" finished-at="2025-01-07T16:17:58 IST" duration-ms="180" status="PASS">
          <reporter-output>
          </reporter-output>
        </test-method> <!-- teardown -->
      </class> <!-- testCases.ADMIN.MASTERS.AddDepartmentsTest -->
      <class name="testCases.ADMIN.MASTERS.AddOrganizationTest">
        <test-method is-config="true" signature="setup(java.lang.String,java.lang.String)[pri:0, instance:testCases.ADMIN.MASTERS.AddOrganizationTest@4748a0f9]" started-at="2025-01-07T16:17:31 IST" name="setup" finished-at="2025-01-07T16:17:35 IST" duration-ms="3746" status="PASS">
          <params>
            <param index="0">
              <value>
                <![CDATA[Windows]]>
              </value>
            </param>
            <param index="1">
              <value>
                <![CDATA[chrome]]>
              </value>
            </param>
          </params>
          <reporter-output>
          </reporter-output>
        </test-method> <!-- setup -->
        <test-method signature="verifyAddOrganization()[pri:0, instance:testCases.ADMIN.MASTERS.AddOrganizationTest@4748a0f9]" started-at="2025-01-07T16:17:35 IST" name="verifyAddOrganization" finished-at="2025-01-07T16:17:45 IST" duration-ms="10846" status="PASS">
          <reporter-output>
          </reporter-output>
        </test-method> <!-- verifyAddOrganization -->
        <test-method is-config="true" signature="teardown()[pri:0, instance:testCases.ADMIN.MASTERS.AddOrganizationTest@4748a0f9]" started-at="2025-01-07T16:17:45 IST" name="teardown" finished-at="2025-01-07T16:17:46 IST" duration-ms="350" status="PASS">
          <reporter-output>
          </reporter-output>
        </test-method> <!-- teardown -->
      </class> <!-- testCases.ADMIN.MASTERS.AddOrganizationTest -->
      <class name="testCases.Patient_RegisterationTest">
        <test-method is-config="true" signature="setup(java.lang.String,java.lang.String)[pri:0, instance:testCases.Patient_RegisterationTest@5d12a356]" started-at="2025-01-07T16:18:26 IST" name="setup" finished-at="2025-01-07T16:18:30 IST" duration-ms="3529" status="PASS">
          <params>
            <param index="0">
              <value>
                <![CDATA[Windows]]>
              </value>
            </param>
            <param index="1">
              <value>
                <![CDATA[chrome]]>
              </value>
            </param>
          </params>
          <reporter-output>
          </reporter-output>
        </test-method> <!-- setup -->
        <test-method signature="verify_PaitentRegisteration()[pri:0, instance:testCases.Patient_RegisterationTest@5d12a356]" started-at="2025-01-07T16:18:30 IST" name="verify_PaitentRegisteration" finished-at="2025-01-07T16:19:03 IST" duration-ms="32738" status="PASS">
          <reporter-output>
          </reporter-output>
        </test-method> <!-- verify_PaitentRegisteration -->
        <test-method is-config="true" signature="teardown()[pri:0, instance:testCases.Patient_RegisterationTest@5d12a356]" started-at="2025-01-07T16:19:03 IST" name="teardown" finished-at="2025-01-07T16:19:03 IST" duration-ms="424" status="PASS">
          <reporter-output>
          </reporter-output>
        </test-method> <!-- teardown -->
      </class> <!-- testCases.Patient_RegisterationTest -->
      <class name="testCases.ADMIN.MASTERS.AddLocationTest">
        <test-method is-config="true" signature="setup(java.lang.String,java.lang.String)[pri:0, instance:testCases.ADMIN.MASTERS.AddLocationTest@6dee4f1b]" started-at="2025-01-07T16:17:46 IST" name="setup" finished-at="2025-01-07T16:17:49 IST" duration-ms="3470" status="PASS">
          <params>
            <param index="0">
              <value>
                <![CDATA[Windows]]>
              </value>
            </param>
            <param index="1">
              <value>
                <![CDATA[chrome]]>
              </value>
            </param>
          </params>
          <reporter-output>
          </reporter-output>
        </test-method> <!-- setup -->
        <test-method signature="verifyAddLocation()[pri:0, instance:testCases.ADMIN.MASTERS.AddLocationTest@6dee4f1b]" started-at="2025-01-07T16:17:49 IST" name="verifyAddLocation" finished-at="2025-01-07T16:17:52 IST" duration-ms="2362" status="PASS">
          <reporter-output>
          </reporter-output>
        </test-method> <!-- verifyAddLocation -->
        <test-method is-config="true" signature="teardown()[pri:0, instance:testCases.ADMIN.MASTERS.AddLocationTest@6dee4f1b]" started-at="2025-01-07T16:17:52 IST" name="teardown" finished-at="2025-01-07T16:17:52 IST" duration-ms="196" status="PASS">
          <reporter-output>
          </reporter-output>
        </test-method> <!-- teardown -->
      </class> <!-- testCases.ADMIN.MASTERS.AddLocationTest -->
    </test> <!-- Admin and OP Module Tests -->
  </suite> <!-- Master Suite -->
</testng-results>
